1503893239663	geckodriver	INFO	geckodriver 0.18.0
1503893239717	geckodriver	INFO	Listening on 127.0.0.1:63809
1503893240795	geckodriver::marionette	INFO	Starting browser /Applications/Firefox.app/Contents/MacOS/firefox-bin with args ["-marionette"]
1503893241227	addons.xpi	WARN	Error parsing extensions state: [Exception... "Component returned failure code: 0x80520012 (NS_ERROR_FILE_NOT_FOUND) [amIAddonManagerStartup.readStartupData]"  nsresult: "0x80520012 (NS_ERROR_FILE_NOT_FOUND)"  location: "JS frame :: resource://gre/modules/addons/XPIProvider.jsm :: loadExtensionState :: line 1596"  data: no] Stack trace: loadExtensionState()@resource://gre/modules/addons/XPIProvider.jsm:1596 < getInstallState()@resource://gre/modules/addons/XPIProvider.jsm:1631 < checkForChanges()@resource://gre/modules/addons/XPIProvider.jsm:3152 < startup()@resource://gre/modules/addons/XPIProvider.jsm:2246 < callProvider()@resource://gre/modules/AddonManager.jsm:271 < _startProvider()@resource://gre/modules/AddonManager.jsm:741 < startup()@resource://gre/modules/AddonManager.jsm:908 < startup()@resource://gre/modules/AddonManager.jsm:3122 < observe()@jar:file:///Applications/Firefox.app/Contents/Resources/omni.ja!/components/addonManager.js:65
1503893241617	Marionette	INFO	Enabled via --marionette
2017-08-27 21:07:23.112 plugin-container[14658:221093] *** CFMessagePort: bootstrap_register(): failed 1100 (0x44c) 'Permission denied', port = 0xa23b, name = 'com.apple.tsm.portname'
See /usr/include/servers/bootstrap_defs.h for the error codes.
2017-08-27 21:07:23.119 plugin-container[14658:221093] *** CFMessagePort: bootstrap_register(): failed 1100 (0x44c) 'Permission denied', port = 0xa503, name = 'com.apple.CFPasteboardClient'
See /usr/include/servers/bootstrap_defs.h for the error codes.
1503893243668	Marionette	INFO	Listening on port 63818
JavaScript error: chrome://marionette/content/server.js, line 337: NS_ERROR_SOCKET_ADDRESS_IN_USE: Component returned failure code: 0x804b0036 (NS_ERROR_SOCKET_ADDRESS_IN_USE) [nsIServerSocket.initSpecialConnection]
1503893243746	Marionette	WARN	TLS certificate errors will be ignored for this session
1503893243785	Marionette	DEBUG	loaded listener.js
1503893245165	Marionette	DEBUG	Received DOM event "beforeunload" for "about:blank"
1503893245556	Marionette	DEBUG	Received DOM event "pagehide" for "about:blank"
1503893245556	Marionette	DEBUG	Received DOM event "unload" for "about:blank"
1503893246123	Marionette	DEBUG	Received DOM event "pageshow" for "http://readcomicbooksonline.net/reader/mangas/Batman%20Beyond%202016/Batman%20Beyond%20Issue%2011/cw001.jpg"
1503893249366	Marionette	DEBUG	Received DOM event "beforeunload" for "http://readcomicbooksonline.net/reader/mangas/Batman%20Beyond%202016/Batman%20Beyond%20Issue%2011/cw001.jpg"
1503893250069	Marionette	DEBUG	Received DOM event "pagehide" for "http://readcomicbooksonline.net/reader/mangas/Batman%20Beyond%202016/Batman%20Beyond%20Issue%2011/cw001.jpg"
1503893250070	Marionette	DEBUG	Received DOM event "unload" for "http://readcomicbooksonline.net/reader/mangas/Batman%20Beyond%202016/Batman%20Beyond%20Issue%2011/cw001.jpg"
1503893250195	Marionette	DEBUG	Received DOM event "pageshow" for "http://readcomicbooksonline.net/reader/mangas/Batman%20Beyond%202016/Batman%20Beyond%20Issue%2011/cw002.jpg"
1503893252030	Marionette	DEBUG	Received DOM event "beforeunload" for "http://readcomicbooksonline.net/reader/mangas/Batman%20Beyond%202016/Batman%20Beyond%20Issue%2011/cw002.jpg"
1503893252117	Marionette	DEBUG	Received DOM event "pagehide" for "http://readcomicbooksonline.net/reader/mangas/Batman%20Beyond%202016/Batman%20Beyond%20Issue%2011/cw002.jpg"
1503893252117	Marionette	DEBUG	Received DOM event "unload" for "http://readcomicbooksonline.net/reader/mangas/Batman%20Beyond%202016/Batman%20Beyond%20Issue%2011/cw002.jpg"
1503893252419	Marionette	DEBUG	Received DOM event "pageshow" for "http://readcomicbooksonline.net/reader/mangas/Batman%20Beyond%202016/Batman%20Beyond%20Issue%2011/cw003.jpg"
1503893254484	Marionette	DEBUG	Received DOM event "beforeunload" for "http://readcomicbooksonline.net/reader/mangas/Batman%20Beyond%202016/Batman%20Beyond%20Issue%2011/cw003.jpg"
1503893254781	Marionette	DEBUG	Received DOM event "pagehide" for "http://readcomicbooksonline.net/reader/mangas/Batman%20Beyond%202016/Batman%20Beyond%20Issue%2011/cw003.jpg"
1503893254782	Marionette	DEBUG	Received DOM event "unload" for "http://readcomicbooksonline.net/reader/mangas/Batman%20Beyond%202016/Batman%20Beyond%20Issue%2011/cw003.jpg"
1503893255598	Marionette	DEBUG	Received DOM event "pageshow" for "http://readcomicbooksonline.net/reader/mangas/Batman%20Beyond%202016/Batman%20Beyond%20Issue%2011/cw004.jpg"
1503893259249	Marionette	DEBUG	Received DOM event "beforeunload" for "http://readcomicbooksonline.net/reader/mangas/Batman%20Beyond%202016/Batman%20Beyond%20Issue%2011/cw004.jpg"
1503893259596	Marionette	DEBUG	Received DOM event "pagehide" for "http://readcomicbooksonline.net/reader/mangas/Batman%20Beyond%202016/Batman%20Beyond%20Issue%2011/cw004.jpg"
1503893259597	Marionette	DEBUG	Received DOM event "unload" for "http://readcomicbooksonline.net/reader/mangas/Batman%20Beyond%202016/Batman%20Beyond%20Issue%2011/cw004.jpg"
1503893260000	Marionette	DEBUG	Received DOM event "pageshow" for "http://readcomicbooksonline.net/reader/mangas/Batman%20Beyond%202016/Batman%20Beyond%20Issue%2011/cw005.jpg"
1503893261560	Marionette	DEBUG	Received DOM event "beforeunload" for "http://readcomicbooksonline.net/reader/mangas/Batman%20Beyond%202016/Batman%20Beyond%20Issue%2011/cw005.jpg"
1503893261645	Marionette	DEBUG	Received DOM event "pagehide" for "http://readcomicbooksonline.net/reader/mangas/Batman%20Beyond%202016/Batman%20Beyond%20Issue%2011/cw005.jpg"
1503893261647	Marionette	DEBUG	Received DOM event "unload" for "http://readcomicbooksonline.net/reader/mangas/Batman%20Beyond%202016/Batman%20Beyond%20Issue%2011/cw005.jpg"
1503893262057	Marionette	DEBUG	Received DOM event "pageshow" for "http://readcomicbooksonline.net/reader/mangas/Batman%20Beyond%202016/Batman%20Beyond%20Issue%2011/cw006.jpg"
1503893263517	Marionette	DEBUG	Received DOM event "beforeunload" for "http://readcomicbooksonline.net/reader/mangas/Batman%20Beyond%202016/Batman%20Beyond%20Issue%2011/cw006.jpg"
1503893263591	Marionette	DEBUG	Received DOM event "pagehide" for "http://readcomicbooksonline.net/reader/mangas/Batman%20Beyond%202016/Batman%20Beyond%20Issue%2011/cw006.jpg"
1503893263591	Marionette	DEBUG	Received DOM event "unload" for "http://readcomicbooksonline.net/reader/mangas/Batman%20Beyond%202016/Batman%20Beyond%20Issue%2011/cw006.jpg"
1503893264172	Marionette	DEBUG	Received DOM event "pageshow" for "http://readcomicbooksonline.net/reader/mangas/Batman%20Beyond%202016/Batman%20Beyond%20Issue%2011/cw007.jpg"
1503893266973	Marionette	DEBUG	Received DOM event "beforeunload" for "http://readcomicbooksonline.net/reader/mangas/Batman%20Beyond%202016/Batman%20Beyond%20Issue%2011/cw007.jpg"
1503893267060	Marionette	DEBUG	Received DOM event "pagehide" for "http://readcomicbooksonline.net/reader/mangas/Batman%20Beyond%202016/Batman%20Beyond%20Issue%2011/cw007.jpg"
1503893267062	Marionette	DEBUG	Received DOM event "unload" for "http://readcomicbooksonline.net/reader/mangas/Batman%20Beyond%202016/Batman%20Beyond%20Issue%2011/cw007.jpg"
1503893267268	Marionette	DEBUG	Received DOM event "pageshow" for "http://readcomicbooksonline.net/reader/mangas/Batman%20Beyond%202016/Batman%20Beyond%20Issue%2011/cw008.jpg"
1503893268614	Marionette	DEBUG	Received DOM event "beforeunload" for "http://readcomicbooksonline.net/reader/mangas/Batman%20Beyond%202016/Batman%20Beyond%20Issue%2011/cw008.jpg"
1503893268705	Marionette	DEBUG	Received DOM event "pagehide" for "http://readcomicbooksonline.net/reader/mangas/Batman%20Beyond%202016/Batman%20Beyond%20Issue%2011/cw008.jpg"
1503893268705	Marionette	DEBUG	Received DOM event "unload" for "http://readcomicbooksonline.net/reader/mangas/Batman%20Beyond%202016/Batman%20Beyond%20Issue%2011/cw008.jpg"
1503893269010	Marionette	DEBUG	Received DOM event "pageshow" for "http://readcomicbooksonline.net/reader/mangas/Batman%20Beyond%202016/Batman%20Beyond%20Issue%2011/cw009.jpg"
1503893271130	Marionette	DEBUG	Received DOM event "beforeunload" for "http://readcomicbooksonline.net/reader/mangas/Batman%20Beyond%202016/Batman%20Beyond%20Issue%2011/cw009.jpg"
1503893271266	Marionette	DEBUG	Received DOM event "pagehide" for "http://readcomicbooksonline.net/reader/mangas/Batman%20Beyond%202016/Batman%20Beyond%20Issue%2011/cw009.jpg"
1503893271267	Marionette	DEBUG	Received DOM event "unload" for "http://readcomicbooksonline.net/reader/mangas/Batman%20Beyond%202016/Batman%20Beyond%20Issue%2011/cw009.jpg"
1503893271982	Marionette	DEBUG	Received DOM event "pageshow" for "http://readcomicbooksonline.net/reader/mangas/Batman%20Beyond%202016/Batman%20Beyond%20Issue%2011/cw010.jpg"
1503893272710	Marionette	DEBUG	Received DOM event "beforeunload" for "http://readcomicbooksonline.net/reader/mangas/Batman%20Beyond%202016/Batman%20Beyond%20Issue%2011/cw010.jpg"
1503893272803	Marionette	DEBUG	Received DOM event "pagehide" for "http://readcomicbooksonline.net/reader/mangas/Batman%20Beyond%202016/Batman%20Beyond%20Issue%2011/cw010.jpg"
1503893272803	Marionette	DEBUG	Received DOM event "unload" for "http://readcomicbooksonline.net/reader/mangas/Batman%20Beyond%202016/Batman%20Beyond%20Issue%2011/cw010.jpg"
1503893273108	Marionette	DEBUG	Received DOM event "pageshow" for "http://readcomicbooksonline.net/reader/mangas/Batman%20Beyond%202016/Batman%20Beyond%20Issue%2011/cw011.jpg"
1503893275679	Marionette	DEBUG	Received DOM event "beforeunload" for "http://readcomicbooksonline.net/reader/mangas/Batman%20Beyond%202016/Batman%20Beyond%20Issue%2011/cw011.jpg"
1503893275775	Marionette	DEBUG	Received DOM event "pagehide" for "http://readcomicbooksonline.net/reader/mangas/Batman%20Beyond%202016/Batman%20Beyond%20Issue%2011/cw011.jpg"
1503893275776	Marionette	DEBUG	Received DOM event "unload" for "http://readcomicbooksonline.net/reader/mangas/Batman%20Beyond%202016/Batman%20Beyond%20Issue%2011/cw011.jpg"
1503893276116	Marionette	DEBUG	Received DOM event "pageshow" for "http://readcomicbooksonline.net/reader/mangas/Batman%20Beyond%202016/Batman%20Beyond%20Issue%2011/cw012.jpg"
1503893277525	Marionette	DEBUG	Received DOM event "beforeunload" for "http://readcomicbooksonline.net/reader/mangas/Batman%20Beyond%202016/Batman%20Beyond%20Issue%2011/cw012.jpg"
1503893278028	Marionette	DEBUG	Received DOM event "pagehide" for "http://readcomicbooksonline.net/reader/mangas/Batman%20Beyond%202016/Batman%20Beyond%20Issue%2011/cw012.jpg"
1503893278031	Marionette	DEBUG	Received DOM event "unload" for "http://readcomicbooksonline.net/reader/mangas/Batman%20Beyond%202016/Batman%20Beyond%20Issue%2011/cw012.jpg"
1503893278127	Marionette	DEBUG	Received DOM event "pageshow" for "http://readcomicbooksonline.net/reader/mangas/Batman%20Beyond%202016/Batman%20Beyond%20Issue%2011/cw013.jpg"
1503893281616	Marionette	DEBUG	Received DOM event "beforeunload" for "http://readcomicbooksonline.net/reader/mangas/Batman%20Beyond%202016/Batman%20Beyond%20Issue%2011/cw013.jpg"
1503893282119	Marionette	DEBUG	Received DOM event "pagehide" for "http://readcomicbooksonline.net/reader/mangas/Batman%20Beyond%202016/Batman%20Beyond%20Issue%2011/cw013.jpg"
1503893282121	Marionette	DEBUG	Received DOM event "unload" for "http://readcomicbooksonline.net/reader/mangas/Batman%20Beyond%202016/Batman%20Beyond%20Issue%2011/cw013.jpg"
1503893282529	Marionette	DEBUG	Received DOM event "pageshow" for "http://readcomicbooksonline.net/reader/mangas/Batman%20Beyond%202016/Batman%20Beyond%20Issue%2011/cw014.jpg"
1503893285404	Marionette	DEBUG	Received DOM event "beforeunload" for "http://readcomicbooksonline.net/reader/mangas/Batman%20Beyond%202016/Batman%20Beyond%20Issue%2011/cw014.jpg"
1503893286202	Marionette	DEBUG	Received DOM event "pagehide" for "http://readcomicbooksonline.net/reader/mangas/Batman%20Beyond%202016/Batman%20Beyond%20Issue%2011/cw014.jpg"
1503893286202	Marionette	DEBUG	Received DOM event "unload" for "http://readcomicbooksonline.net/reader/mangas/Batman%20Beyond%202016/Batman%20Beyond%20Issue%2011/cw014.jpg"
1503893286936	Marionette	DEBUG	Received DOM event "pageshow" for "http://readcomicbooksonline.net/reader/mangas/Batman%20Beyond%202016/Batman%20Beyond%20Issue%2011/cw015.jpg"
1503893288476	Marionette	DEBUG	Received DOM event "beforeunload" for "http://readcomicbooksonline.net/reader/mangas/Batman%20Beyond%202016/Batman%20Beyond%20Issue%2011/cw015.jpg"
1503893288576	Marionette	DEBUG	Received DOM event "pagehide" for "http://readcomicbooksonline.net/reader/mangas/Batman%20Beyond%202016/Batman%20Beyond%20Issue%2011/cw015.jpg"
1503893288576	Marionette	DEBUG	Received DOM event "unload" for "http://readcomicbooksonline.net/reader/mangas/Batman%20Beyond%202016/Batman%20Beyond%20Issue%2011/cw015.jpg"
1503893288877	Marionette	DEBUG	Received DOM event "pageshow" for "http://readcomicbooksonline.net/reader/mangas/Batman%20Beyond%202016/Batman%20Beyond%20Issue%2011/cw016.jpg"
1503893292368	Marionette	DEBUG	Received DOM event "beforeunload" for "http://readcomicbooksonline.net/reader/mangas/Batman%20Beyond%202016/Batman%20Beyond%20Issue%2011/cw016.jpg"
1503893292866	Marionette	DEBUG	Received DOM event "pagehide" for "http://readcomicbooksonline.net/reader/mangas/Batman%20Beyond%202016/Batman%20Beyond%20Issue%2011/cw016.jpg"
1503893292866	Marionette	DEBUG	Received DOM event "unload" for "http://readcomicbooksonline.net/reader/mangas/Batman%20Beyond%202016/Batman%20Beyond%20Issue%2011/cw016.jpg"
1503893293161	Marionette	DEBUG	Received DOM event "pageshow" for "http://readcomicbooksonline.net/reader/mangas/Batman%20Beyond%202016/Batman%20Beyond%20Issue%2011/cw017.jpg"
1503893296463	Marionette	DEBUG	Received DOM event "beforeunload" for "http://readcomicbooksonline.net/reader/mangas/Batman%20Beyond%202016/Batman%20Beyond%20Issue%2011/cw017.jpg"
1503893296971	Marionette	DEBUG	Received DOM event "pagehide" for "http://readcomicbooksonline.net/reader/mangas/Batman%20Beyond%202016/Batman%20Beyond%20Issue%2011/cw017.jpg"
1503893296972	Marionette	DEBUG	Received DOM event "unload" for "http://readcomicbooksonline.net/reader/mangas/Batman%20Beyond%202016/Batman%20Beyond%20Issue%2011/cw017.jpg"
1503893297122	Marionette	DEBUG	Received DOM event "pageshow" for "http://readcomicbooksonline.net/reader/mangas/Batman%20Beyond%202016/Batman%20Beyond%20Issue%2011/cw018.jpg"
1503893300056	Marionette	DEBUG	Received DOM event "beforeunload" for "http://readcomicbooksonline.net/reader/mangas/Batman%20Beyond%202016/Batman%20Beyond%20Issue%2011/cw018.jpg"
1503893300552	Marionette	DEBUG	Received DOM event "pagehide" for "http://readcomicbooksonline.net/reader/mangas/Batman%20Beyond%202016/Batman%20Beyond%20Issue%2011/cw018.jpg"
1503893300554	Marionette	DEBUG	Received DOM event "unload" for "http://readcomicbooksonline.net/reader/mangas/Batman%20Beyond%202016/Batman%20Beyond%20Issue%2011/cw018.jpg"
1503893300750	Marionette	DEBUG	Received DOM event "pageshow" for "http://readcomicbooksonline.net/reader/mangas/Batman%20Beyond%202016/Batman%20Beyond%20Issue%2011/cw019.jpg"
1503893303737	Marionette	DEBUG	Received DOM event "beforeunload" for "http://readcomicbooksonline.net/reader/mangas/Batman%20Beyond%202016/Batman%20Beyond%20Issue%2011/cw019.jpg"
1503893304240	Marionette	DEBUG	Received DOM event "pagehide" for "http://readcomicbooksonline.net/reader/mangas/Batman%20Beyond%202016/Batman%20Beyond%20Issue%2011/cw019.jpg"
1503893304240	Marionette	DEBUG	Received DOM event "unload" for "http://readcomicbooksonline.net/reader/mangas/Batman%20Beyond%202016/Batman%20Beyond%20Issue%2011/cw019.jpg"
1503893304651	Marionette	DEBUG	Received DOM event "pageshow" for "http://readcomicbooksonline.net/reader/mangas/Batman%20Beyond%202016/Batman%20Beyond%20Issue%2011/cw020.jpg"
1503893308447	Marionette	DEBUG	Received DOM event "beforeunload" for "http://readcomicbooksonline.net/reader/mangas/Batman%20Beyond%202016/Batman%20Beyond%20Issue%2011/cw020.jpg"
1503893308958	Marionette	DEBUG	Received DOM event "pagehide" for "http://readcomicbooksonline.net/reader/mangas/Batman%20Beyond%202016/Batman%20Beyond%20Issue%2011/cw020.jpg"
1503893308960	Marionette	DEBUG	Received DOM event "unload" for "http://readcomicbooksonline.net/reader/mangas/Batman%20Beyond%202016/Batman%20Beyond%20Issue%2011/cw020.jpg"
1503893309129	Marionette	DEBUG	Received DOM event "pageshow" for "http://readcomicbooksonline.net/reader/mangas/Batman%20Beyond%202016/Batman%20Beyond%20Issue%2011/cw021.jpg"
1503893311337	Marionette	DEBUG	Received DOM event "beforeunload" for "http://readcomicbooksonline.net/reader/mangas/Batman%20Beyond%202016/Batman%20Beyond%20Issue%2011/cw021.jpg"
1503893312123	Marionette	DEBUG	Received DOM event "pagehide" for "http://readcomicbooksonline.net/reader/mangas/Batman%20Beyond%202016/Batman%20Beyond%20Issue%2011/cw021.jpg"
1503893312123	Marionette	DEBUG	Received DOM event "unload" for "http://readcomicbooksonline.net/reader/mangas/Batman%20Beyond%202016/Batman%20Beyond%20Issue%2011/cw021.jpg"
1503893312228	Marionette	DEBUG	Received DOM event "pageshow" for "http://readcomicbooksonline.net/reader/mangas/Batman%20Beyond%202016/Batman%20Beyond%20Issue%2011/cw022.jpg"
1503893315416	Marionette	DEBUG	Received DOM event "beforeunload" for "http://readcomicbooksonline.net/reader/mangas/Batman%20Beyond%202016/Batman%20Beyond%20Issue%2011/cw022.jpg"
1503893316132	Marionette	DEBUG	Received DOM event "pagehide" for "http://readcomicbooksonline.net/reader/mangas/Batman%20Beyond%202016/Batman%20Beyond%20Issue%2011/cw022.jpg"
1503893316132	Marionette	DEBUG	Received DOM event "unload" for "http://readcomicbooksonline.net/reader/mangas/Batman%20Beyond%202016/Batman%20Beyond%20Issue%2011/cw022.jpg"
1503893316838	Marionette	DEBUG	Received DOM event "pageshow" for "http://readcomicbooksonline.net/reader/mangas/Batman%20Beyond%202016/Batman%20Beyond%20Issue%2011/cw023.jpg"
1503893319813	Marionette	DEBUG	Received DOM event "beforeunload" for "http://readcomicbooksonline.net/reader/mangas/Batman%20Beyond%202016/Batman%20Beyond%20Issue%2011/cw023.jpg"
1503893320309	Marionette	DEBUG	Received DOM event "pagehide" for "http://readcomicbooksonline.net/reader/mangas/Batman%20Beyond%202016/Batman%20Beyond%20Issue%2011/cw023.jpg"
1503893320311	Marionette	DEBUG	Received DOM event "unload" for "http://readcomicbooksonline.net/reader/mangas/Batman%20Beyond%202016/Batman%20Beyond%20Issue%2011/cw023.jpg"
1503893321130	Marionette	DEBUG	Received DOM event "pageshow" for "http://readcomicbooksonline.net/reader/mangas/Batman%20Beyond%202016/Batman%20Beyond%20Issue%2011/cw024.jpg"
1503893325037	Marionette	DEBUG	Received DOM event "beforeunload" for "http://readcomicbooksonline.net/reader/mangas/Batman%20Beyond%202016/Batman%20Beyond%20Issue%2011/cw024.jpg"
1503893325530	Marionette	DEBUG	Received DOM event "pagehide" for "http://readcomicbooksonline.net/reader/mangas/Batman%20Beyond%202016/Batman%20Beyond%20Issue%2011/cw024.jpg"
1503893325530	Marionette	DEBUG	Received DOM event "unload" for "http://readcomicbooksonline.net/reader/mangas/Batman%20Beyond%202016/Batman%20Beyond%20Issue%2011/cw024.jpg"
1503893325641	Marionette	DEBUG	Received DOM event "pageshow" for "http://readcomicbooksonline.net/reader/mangas/Batman%20Beyond%202016/Batman%20Beyond%20Issue%2011/cw025.jpg"
